{"C:\\Users\\thecy\\git\\poker-night-app\\app\\api\\auth\\login\\route.ts": {"path":"C:\\Users\\thecy\\git\\poker-night-app\\app\\api\\auth\\login\\route.ts","statementMap":{"0":{"start":{"line":6,"column":22},"end":{"line":6,"column":27}},"1":{"start":{"line":1,"column":29},"end":{"line":1,"column":null}},"2":{"start":{"line":2,"column":19},"end":{"line":2,"column":null}},"3":{"start":{"line":3,"column":16},"end":{"line":3,"column":null}},"4":{"start":{"line":4,"column":19},"end":{"line":4,"column":null}},"5":{"start":{"line":7,"column":30},"end":{"line":7,"column":null}},"6":{"start":{"line":9,"column":2},"end":{"line":14,"column":null}},"7":{"start":{"line":10,"column":4},"end":{"line":12,"column":null}},"8":{"start":{"line":16,"column":2},"end":{"line":53,"column":null}},"9":{"start":{"line":17,"column":17},"end":{"line":17,"column":null}},"10":{"start":{"line":18,"column":4},"end":{"line":23,"column":null}},"11":{"start":{"line":19,"column":6},"end":{"line":21,"column":null}},"12":{"start":{"line":25,"column":28},"end":{"line":25,"column":null}},"13":{"start":{"line":26,"column":4},"end":{"line":31,"column":null}},"14":{"start":{"line":27,"column":6},"end":{"line":29,"column":null}},"15":{"start":{"line":33,"column":18},"end":{"line":35,"column":null}},"16":{"start":{"line":37,"column":21},"end":{"line":39,"column":null}},"17":{"start":{"line":41,"column":4},"end":{"line":44,"column":null}},"18":{"start":{"line":46,"column":4},"end":{"line":46,"column":null}},"19":{"start":{"line":48,"column":4},"end":{"line":48,"column":null}},"20":{"start":{"line":49,"column":4},"end":{"line":51,"column":null}}},"fnMap":{"0":{"name":"POST","decl":{"start":{"line":6,"column":22},"end":{"line":6,"column":27}},"loc":{"start":{"line":6,"column":43},"end":{"line":54,"column":null}}}},"branchMap":{"0":{"loc":{"start":{"line":9,"column":2},"end":{"line":14,"column":null}},"type":"if","locations":[{"start":{"line":9,"column":2},"end":{"line":14,"column":null}}]},"1":{"loc":{"start":{"line":9,"column":6},"end":{"line":9,"column":27}},"type":"binary-expr","locations":[{"start":{"line":9,"column":6},"end":{"line":9,"column":16}},{"start":{"line":9,"column":16},"end":{"line":9,"column":27}}]},"2":{"loc":{"start":{"line":18,"column":4},"end":{"line":23,"column":null}},"type":"if","locations":[{"start":{"line":18,"column":4},"end":{"line":23,"column":null}}]},"3":{"loc":{"start":{"line":26,"column":4},"end":{"line":31,"column":null}},"type":"if","locations":[{"start":{"line":26,"column":4},"end":{"line":31,"column":null}}]}},"s":{"0":7,"1":1,"2":1,"3":1,"4":1,"5":7,"6":7,"7":3,"8":4,"9":4,"10":3,"11":1,"12":2,"13":2,"14":1,"15":1,"16":1,"17":1,"18":1,"19":1,"20":1},"f":{"0":7},"b":{"0":[3],"1":[7,5],"2":[1],"3":[1]}}
,"C:\\Users\\thecy\\git\\poker-night-app\\app\\api\\auth\\logout\\route.ts": {"path":"C:\\Users\\thecy\\git\\poker-night-app\\app\\api\\auth\\logout\\route.ts","statementMap":{"0":{"start":{"line":4,"column":22},"end":{"line":4,"column":null}},"1":{"start":{"line":1,"column":24},"end":{"line":1,"column":null}},"2":{"start":{"line":2,"column":29},"end":{"line":2,"column":null}},"3":{"start":{"line":5,"column":22},"end":{"line":5,"column":null}},"4":{"start":{"line":6,"column":2},"end":{"line":6,"column":null}},"5":{"start":{"line":8,"column":2},"end":{"line":10,"column":null}}},"fnMap":{"0":{"name":"POST","decl":{"start":{"line":4,"column":22},"end":{"line":4,"column":null}},"loc":{"start":{"line":4,"column":22},"end":{"line":12,"column":null}}}},"branchMap":{},"s":{"0":1,"1":1,"2":1,"3":1,"4":1,"5":1},"f":{"0":1},"b":{}}
,"C:\\Users\\thecy\\git\\poker-night-app\\app\\api\\auth\\register\\route.ts": {"path":"C:\\Users\\thecy\\git\\poker-night-app\\app\\api\\auth\\register\\route.ts","statementMap":{"0":{"start":{"line":6,"column":22},"end":{"line":6,"column":27}},"1":{"start":{"line":1,"column":29},"end":{"line":1,"column":null}},"2":{"start":{"line":2,"column":19},"end":{"line":2,"column":null}},"3":{"start":{"line":3,"column":16},"end":{"line":3,"column":null}},"4":{"start":{"line":4,"column":19},"end":{"line":4,"column":null}},"5":{"start":{"line":7,"column":36},"end":{"line":7,"column":null}},"6":{"start":{"line":9,"column":2},"end":{"line":14,"column":null}},"7":{"start":{"line":10,"column":4},"end":{"line":12,"column":null}},"8":{"start":{"line":16,"column":2},"end":{"line":50,"column":null}},"9":{"start":{"line":17,"column":25},"end":{"line":17,"column":null}},"10":{"start":{"line":18,"column":4},"end":{"line":23,"column":null}},"11":{"start":{"line":19,"column":6},"end":{"line":21,"column":null}},"12":{"start":{"line":25,"column":27},"end":{"line":25,"column":null}},"13":{"start":{"line":26,"column":17},"end":{"line":28,"column":null}},"14":{"start":{"line":30,"column":18},"end":{"line":32,"column":null}},"15":{"start":{"line":34,"column":21},"end":{"line":36,"column":null}},"16":{"start":{"line":38,"column":4},"end":{"line":41,"column":null}},"17":{"start":{"line":43,"column":4},"end":{"line":43,"column":null}},"18":{"start":{"line":45,"column":4},"end":{"line":45,"column":null}},"19":{"start":{"line":46,"column":4},"end":{"line":48,"column":null}}},"fnMap":{"0":{"name":"POST","decl":{"start":{"line":6,"column":22},"end":{"line":6,"column":27}},"loc":{"start":{"line":6,"column":43},"end":{"line":51,"column":null}}}},"branchMap":{"0":{"loc":{"start":{"line":9,"column":2},"end":{"line":14,"column":null}},"type":"if","locations":[{"start":{"line":9,"column":2},"end":{"line":14,"column":null}}]},"1":{"loc":{"start":{"line":9,"column":6},"end":{"line":9,"column":36}},"type":"binary-expr","locations":[{"start":{"line":9,"column":6},"end":{"line":9,"column":16}},{"start":{"line":9,"column":16},"end":{"line":9,"column":29}},{"start":{"line":9,"column":29},"end":{"line":9,"column":36}}]},"2":{"loc":{"start":{"line":18,"column":4},"end":{"line":23,"column":null}},"type":"if","locations":[{"start":{"line":18,"column":4},"end":{"line":23,"column":null}}]}},"s":{"0":4,"1":1,"2":1,"3":1,"4":1,"5":4,"6":4,"7":1,"8":3,"9":3,"10":2,"11":1,"12":1,"13":1,"14":1,"15":1,"16":1,"17":1,"18":1,"19":1},"f":{"0":4},"b":{"0":[1],"1":[4,3,3],"2":[1]}}
}
