TN:
SF:app\api\auth\login\route.ts
FN:6,POST
FNF:1
FNH:1
FNDA:7,POST
DA:1,1
DA:2,1
DA:3,1
DA:4,1
DA:6,7
DA:7,7
DA:9,7
DA:10,3
DA:16,4
DA:17,4
DA:18,3
DA:19,1
DA:25,2
DA:26,2
DA:27,1
DA:33,1
DA:37,1
DA:41,1
DA:46,1
DA:48,1
DA:49,1
LF:21
LH:21
BRDA:9,0,0,3
BRDA:9,1,0,7
BRDA:9,1,1,5
BRDA:18,2,0,1
BRDA:26,3,0,1
BRF:5
BRH:5
end_of_record
TN:
SF:app\api\auth\logout\route.ts
FN:4,POST
FNF:1
FNH:1
FNDA:1,POST
DA:1,1
DA:2,1
DA:4,1
DA:5,1
DA:6,1
DA:8,1
LF:6
LH:6
BRF:0
BRH:0
end_of_record
TN:
SF:app\api\auth\register\route.ts
FN:6,POST
FNF:1
FNH:1
FNDA:4,POST
DA:1,1
DA:2,1
DA:3,1
DA:4,1
DA:6,4
DA:7,4
DA:9,4
DA:10,1
DA:16,3
DA:17,3
DA:18,2
DA:19,1
DA:25,1
DA:26,1
DA:30,1
DA:34,1
DA:38,1
DA:43,1
DA:45,1
DA:46,1
LF:20
LH:20
BRDA:9,0,0,1
BRDA:9,1,0,4
BRDA:9,1,1,3
BRDA:9,1,2,3
BRDA:18,2,0,1
BRF:5
BRH:5
end_of_record
